<?xml version="1.0" encoding="UTF-8"?>
<!-- Generated by org.testng.reporters.JUnitReportReporter -->
<testsuite hostname="CTS31169" name="com.wal.testcases.SearchItemHomePage" tests="2" failures="0" timestamp="3 May 2018 06:09:50 GMT" time="54.480" errors="0">
  <testcase name="LoginWalmart" time="32.926" classname="com.wal.testcases.SearchItemHomePage"/>
  <testcase name="LoginWalmart" time="21.554" classname="com.wal.testcases.SearchItemHomePage"/>
</testsuite> <!-- com.wal.testcases.SearchItemHomePage -->
