<?xml version="1.0" encoding="UTF-8"?>
<!-- Generated by org.testng.reporters.JUnitReportReporter -->
<testsuite hostname="CTS31169" name="com.wal.testcases.HomeMenuTest" tests="1" failures="0" timestamp="23 May 2018 20:05:54 GMT" time="43.584" errors="0">
  <testcase name="HomePageMenuCheck" time="43.584" classname="com.wal.testcases.HomeMenuTest"/>
</testsuite> <!-- com.wal.testcases.HomeMenuTest -->
