<?xml version="1.0" encoding="UTF-8"?>
<!-- Generated by org.testng.reporters.JUnitReportReporter -->
<testsuite hostname="CTS31169" name="com.wal.testcases.LoginTest" tests="1" failures="0" timestamp="25 Apr 2018 15:27:44 GMT" time="41.630" errors="0">
  <testcase name="loginTest" time="41.630" classname="com.wal.testcases.LoginTest"/>
</testsuite> <!-- com.wal.testcases.LoginTest -->
